c:\users\anane\documents\github\rouguelike_game\rouguelike_game\x64\debug\rouguelike_game.pch
c:\users\anane\documents\github\rouguelike_game\rouguelike_game\x64\debug\vc141.pdb
c:\users\anane\documents\github\rouguelike_game\rouguelike_game\x64\debug\vc141.idb
c:\users\anane\documents\github\rouguelike_game\rouguelike_game\x64\debug\stdafx.obj
c:\users\anane\documents\github\rouguelike_game\rouguelike_game\x64\debug\rouguelike_game.obj
c:\users\anane\documents\github\rouguelike_game\rouguelike_game\x64\debug\logo.obj
c:\users\anane\documents\github\rouguelike_game\rouguelike_game\x64\debug\map.obj
c:\users\anane\documents\github\rouguelike_game\rouguelike_game\x64\debug\room.obj
c:\users\anane\documents\github\rouguelike_game\rouguelike_game\x64\debug\hero.obj
c:\users\anane\documents\github\rouguelike_game\rouguelike_game\x64\debug\actor.obj
c:\users\anane\documents\github\rouguelike_game\rouguelike_game\x64\debug\backpack.obj
c:\users\anane\documents\github\rouguelike_game\rouguelike_game\x64\debug\utilities.obj
c:\users\anane\documents\github\rouguelike_game\x64\debug\rouguelike_game.exe
c:\users\anane\documents\github\rouguelike_game\x64\debug\rouguelike_game.ilk
c:\users\anane\documents\github\rouguelike_game\x64\debug\rouguelike_game.pdb
c:\users\anane\documents\github\rouguelike_game\rouguelike_game\x64\debug\rouguelike_game.tlog\cl.command.1.tlog
c:\users\anane\documents\github\rouguelike_game\rouguelike_game\x64\debug\rouguelike_game.tlog\cl.read.1.tlog
c:\users\anane\documents\github\rouguelike_game\rouguelike_game\x64\debug\rouguelike_game.tlog\cl.write.1.tlog
c:\users\anane\documents\github\rouguelike_game\rouguelike_game\x64\debug\rouguelike_game.tlog\link.command.1.tlog
c:\users\anane\documents\github\rouguelike_game\rouguelike_game\x64\debug\rouguelike_game.tlog\link.read.1.tlog
c:\users\anane\documents\github\rouguelike_game\rouguelike_game\x64\debug\rouguelike_game.tlog\link.write.1.tlog
